-------------------------------------------------------------------------------
Test set: com.mycompany.calculator_project.CalculatorOperationsTest
-------------------------------------------------------------------------------
Tests run: 39, Failures: 0, Errors: 1, Skipped: 0, Time elapsed: 0.124 s <<< FAILURE! - in com.mycompany.calculator_project.CalculatorOperationsTest
testDivisionWithZero  Time elapsed: 0.018 s  <<< ERROR!
java.lang.ArithmeticException: Divisione per zero non consentita.
	at com.mycompany.calculator_project.CalculatorOperationsTest.testDivisionWithZero(CalculatorOperationsTest.java:307)

