<?xml version="1.0" encoding="UTF-8"?>
<testsuite xmlns:xsi="http://www.w3.org/2001/XMLSchema-instance" xsi:noNamespaceSchemaLocation="https://maven.apache.org/surefire/maven-surefire-plugin/xsd/surefire-test-report.xsd" name="com.mycompany.calculator_project.VariableManagerTest" time="0.056" tests="4" errors="0" skipped="0" failures="2">
  <properties>
[...]
</properties>
  <testcase name="testSubtractFromVariable" classname="com.mycompany.calculator_project.VariableManagerTest" time="0.034">
    <failure message="expected: com.mycompany.calculator_project.ComplexNumber@757942a1&lt;5.0+3.0j&gt; but was: com.mycompany.calculator_project.ComplexNumber@4a87761d&lt;5.0+3.0j&gt;" type="org.opentest4j.AssertionFailedError"><![CDATA[org.opentest4j.AssertionFailedError: expected: com.mycompany.calculator_project.ComplexNumber@757942a1<5.0+3.0j> but was: com.mycompany.calculator_project.ComplexNumber@4a87761d<5.0+3.0j>
	at com.mycompany.calculator_project.VariableManagerTest.testSubtractFromVariable(VariableManagerTest.java:87)
]]></failure>
  </testcase>
  <testcase name="testSaveToVariable" classname="com.mycompany.calculator_project.VariableManagerTest" time="0.003"/>
  <testcase name="testPushFromVariable" classname="com.mycompany.calculator_project.VariableManagerTest" time="0"/>
  <testcase name="testAddToVariable" classname="com.mycompany.calculator_project.VariableManagerTest" time="0.002">
    <failure message="expected: com.mycompany.calculator_project.ComplexNumber@10dba097&lt;3.0+5.0j&gt; but was: com.mycompany.calculator_project.ComplexNumber@1786f9d5&lt;3.0+5.0j&gt;" type="org.opentest4j.AssertionFailedError"><![CDATA[org.opentest4j.AssertionFailedError: expected: com.mycompany.calculator_project.ComplexNumber@10dba097<3.0+5.0j> but was: com.mycompany.calculator_project.ComplexNumber@1786f9d5<3.0+5.0j>
	at com.mycompany.calculator_project.VariableManagerTest.testAddToVariable(VariableManagerTest.java:76)
]]></failure>
  </testcase>
</testsuite>